<?xml version="1.0" encoding="UTF-8"?>
<!-- Generated by org.testng.reporters.JUnitXMLReporter -->
<testsuite hostname="LAPTOP-1E5OSFLE" name="Test" tests="4" failures="0" timestamp="12 Jun 2021 05:08:55 GMT" time="150.066" errors="0">
  <testcase name="eneterProduct" time="25.848" classname="com.medicine.SearchProductTest"/>
  <testcase name="mediPlusHome" time="23.426" classname="com.medicine.MediPlusTest"/>
  <testcase name="loginValid" time="37.332" classname="com.medicine.LoginWithValidUser"/>
  <testcase name="iEMediPlus" time="63.426" classname="com.medicine.IEMediPlusTest"/>
</testsuite> <!-- Test -->
