<?xml version="1.0" encoding="UTF-8"?>
<!-- Generated by org.testng.reporters.JUnitXMLReporter -->
<testsuite hostname="LAPTOP-1E5OSFLE" name="Test" tests="4" failures="0" timestamp="8 May 2021 16:50:44 GMT" time="125.606" errors="0">
  <testcase name="eneterProduct" time="11.411" classname="com.medicine.SearchProductTest"/>
  <testcase name="mediPlusHome" time="15.455" classname="com.medicine.MediPlusTest"/>
  <testcase name="loginValid" time="35.296" classname="com.medicine.LoginWithValidUser"/>
  <testcase name="iEMediPlus" time="63.421" classname="com.medicine.IEMediPlusTest"/>
</testsuite> <!-- Test -->
